<html>
<head>
<title>TestNG:  Test</title>
<link href="../testng.css" rel="stylesheet" type="text/css" />
<link href="../my-testng.css" rel="stylesheet" type="text/css" />

<style type="text/css">
.log { display: none;} 
.stack-trace { display: none;} 
</style>
<script type="text/javascript">
<!--
function flip(e) {
  current = e.style.display;
  if (current == 'block') {
    e.style.display = 'none';
    return 0;
  }
  else {
    e.style.display = 'block';
    return 1;
  }
}

function toggleBox(szDivId, elem, msg1, msg2)
{
  var res = -1;  if (document.getElementById) {
    res = flip(document.getElementById(szDivId));
  }
  else if (document.all) {
    // this is the way old msie versions work
    res = flip(document.all[szDivId]);
  }
  if(elem) {
    if(res == 0) elem.innerHTML = msg1; else elem.innerHTML = msg2;
  }

}

function toggleAllBoxes() {
  if (document.getElementsByTagName) {
    d = document.getElementsByTagName('div');
    for (i = 0; i < d.length; i++) {
      if (d[i].className == 'log') {
        flip(d[i]);
      }
    }
  }
}

// -->
</script>

</head>
<body>
<h2 align='center'>Test</h2><table border='1' align="center">
<tr>
<td>Tests passed/Failed/Skipped:</td><td>10/2/0</td>
</tr><tr>
<td>Started on:</td><td>Wed Jan 29 14:06:25 IST 2025</td>
</tr>
<tr><td>Total time:</td><td>255 seconds (255696 ms)</td>
</tr><tr>
<td>Included groups:</td><td></td>
</tr><tr>
<td>Excluded groups:</td><td></td>
</tr>
</table><p/>
<small><i>(Hover the method name to see the test class name)</i></small><p/>
<table width='100%' border='1' class='invocation-failed'>
<tr><td colspan='4' align='center'><b>FAILED TESTS</b></td></tr>
<tr><td><b>Test method</b></td>
<td><b>Attribute(s)</b></td>
<td width="30%"><b>Exception</b></td>
<td width="10%"><b>Time (seconds)</b></td>
<td><b>Instance</b></td>
</tr>
<tr>
<td title='TestClass.LR_EditProfilePageTest.LR_EditProfile()'><b>LR_EditProfile</b><br>Test class: TestClass.LR_EditProfilePageTest<br/>
<a href="#Output-1845746463" onClick='toggleBox("Output-1845746463", this, "Show output", "Hide output");'>Show output</a>

<a href="#Output-1845746463" onClick="toggleAllBoxes();">Show all outputs</a>
<div class='log' id="Output-1845746463">
LR_EditProfilescript execution startsWed Jan 29 14:08:58 IST 2025<br/>
LR_EditProfilescript is failed<br/>
screenshot has taken<br/>
</div>
</td>
<td><div><pre>org.openqa.selenium.NoSuchElementException: no such element: Unable to locate element: {&quot;method&quot;:&quot;xpath&quot;,&quot;selector&quot;:&quot;/html/body/div[2]/div/nav/div/a[2]&quot;}
  (Session info: chrome=132.0.6834.112)
For documentation on this error, please visit: https://www.selenium.dev/documentation/webdriver/troubleshooting/errors#no-such-element-exception
Build info: version: &apos;4.16.1&apos;, revision: &apos;9b4c83354e&apos;
System info: os.name: &apos;Windows 10&apos;, os.arch: &apos;amd64&apos;, os.version: &apos;10.0&apos;, java.version: &apos;17.0.12&apos;
Driver info: org.openqa.selenium.chrome.ChromeDriver
Command: [2377db4f1e605b5c25b2ea8e9a22263e, findElement {using=xpath, value=/html/body/div[2]/div/nav/div/a[2]}]
Capabilities {acceptInsecureCerts: false, browserName: chrome, browserVersion: 132.0.6834.112, chrome: {chromedriverVersion: 131.0.6778.85 (3d81e41b6f3a..., userDataDir: C:\Users\Super\AppData\Loca...}, fedcm:accounts: true, goog:chromeOptions: {debuggerAddress: localhost:49365}, networkConnectionEnabled: false, pageLoadStrategy: normal, platformName: windows, proxy: Proxy(), se:cdp: ws://localhost:49365/devtoo..., se:cdpVersion: 132.0.6834.112, setWindowRect: true, strictFileInteractability: false, timeouts: {implicit: 0, pageLoad: 300000, script: 30000}, unhandledPromptBehavior: dismiss and notify, webauthn:extension:credBlob: true, webauthn:extension:largeBlob: true, webauthn:extension:minPinLength: true, webauthn:extension:prf: true, webauthn:virtualAuthenticators: true}
Session ID: 2377db4f1e605b5c25b2ea8e9a22263e
	at org.openqa.selenium.remote.codec.w3c.W3CHttpResponseCodec.createException(W3CHttpResponseCodec.java:200)
	at org.openqa.selenium.remote.codec.w3c.W3CHttpResponseCodec.decode(W3CHttpResponseCodec.java:133)
	at org.openqa.selenium.remote.codec.w3c.W3CHttpResponseCodec.decode(W3CHttpResponseCodec.java:52)
	at org.openqa.selenium.remote.HttpCommandExecutor.execute(HttpCommandExecutor.java:191)
	at org.openqa.selenium.remote.service.DriverCommandExecutor.invokeExecute(DriverCommandExecutor.java:200)
	at org.openqa.selenium.remote.service.DriverCommandExecutor.execute(DriverCommandExecutor.java:175)
	at org.openqa.selenium.remote.RemoteWebDriver.execute(RemoteWebDriver.java:523)
	at org.openqa.selenium.remote.ElementLocation$ElementFinder$2.findElement(ElementLocation.java:165)
	at org.openqa.selenium.remote.ElementLocation.findElement(ElementLocation.java:59)
	at org.openqa.selenium.remote.RemoteWebDriver.findElement(RemoteWebDriver.java:360)
	at org.openqa.selenium.remote.RemoteWebDriver.findElement(RemoteWebDriver.java:354)
	at org.openqa.selenium.support.pagefactory.DefaultElementLocator.findElement(DefaultElementLocator.java:68)
	at org.openqa.selenium.support.pagefactory.internal.LocatingElementHandler.invoke(LocatingElementHandler.java:38)
	at jdk.proxy2/jdk.proxy2.$Proxy14.click(Unknown Source)
	at PomClass.Login.login(Login.java:77)
	at TestClass.LR_EditProfilePageTest.LR_EditProfile(LR_EditProfilePageTest.java:76)
	at java.base/java.util.ArrayList.forEach(ArrayList.java:1511)
... Removed 32 stack frames</pre></div><a href='#' onClick='toggleBox("stack-trace1845746463", this, "Click to show all stack frames", "Click to hide stack frames")'>Click to show all stack frames</a>
<div class='stack-trace' id='stack-trace1845746463'><pre>org.openqa.selenium.NoSuchElementException: no such element: Unable to locate element: {&quot;method&quot;:&quot;xpath&quot;,&quot;selector&quot;:&quot;/html/body/div[2]/div/nav/div/a[2]&quot;}
  (Session info: chrome=132.0.6834.112)
For documentation on this error, please visit: https://www.selenium.dev/documentation/webdriver/troubleshooting/errors#no-such-element-exception
Build info: version: &apos;4.16.1&apos;, revision: &apos;9b4c83354e&apos;
System info: os.name: &apos;Windows 10&apos;, os.arch: &apos;amd64&apos;, os.version: &apos;10.0&apos;, java.version: &apos;17.0.12&apos;
Driver info: org.openqa.selenium.chrome.ChromeDriver
Command: [2377db4f1e605b5c25b2ea8e9a22263e, findElement {using=xpath, value=/html/body/div[2]/div/nav/div/a[2]}]
Capabilities {acceptInsecureCerts: false, browserName: chrome, browserVersion: 132.0.6834.112, chrome: {chromedriverVersion: 131.0.6778.85 (3d81e41b6f3a..., userDataDir: C:\Users\Super\AppData\Loca...}, fedcm:accounts: true, goog:chromeOptions: {debuggerAddress: localhost:49365}, networkConnectionEnabled: false, pageLoadStrategy: normal, platformName: windows, proxy: Proxy(), se:cdp: ws://localhost:49365/devtoo..., se:cdpVersion: 132.0.6834.112, setWindowRect: true, strictFileInteractability: false, timeouts: {implicit: 0, pageLoad: 300000, script: 30000}, unhandledPromptBehavior: dismiss and notify, webauthn:extension:credBlob: true, webauthn:extension:largeBlob: true, webauthn:extension:minPinLength: true, webauthn:extension:prf: true, webauthn:virtualAuthenticators: true}
Session ID: 2377db4f1e605b5c25b2ea8e9a22263e
	at java.base/jdk.internal.reflect.NativeConstructorAccessorImpl.newInstance0(Native Method)
	at java.base/jdk.internal.reflect.NativeConstructorAccessorImpl.newInstance(NativeConstructorAccessorImpl.java:77)
	at java.base/jdk.internal.reflect.DelegatingConstructorAccessorImpl.newInstance(DelegatingConstructorAccessorImpl.java:45)
	at java.base/java.lang.reflect.Constructor.newInstanceWithCaller(Constructor.java:499)
	at java.base/java.lang.reflect.Constructor.newInstance(Constructor.java:480)
	at org.openqa.selenium.remote.codec.w3c.W3CHttpResponseCodec.createException(W3CHttpResponseCodec.java:200)
	at org.openqa.selenium.remote.codec.w3c.W3CHttpResponseCodec.decode(W3CHttpResponseCodec.java:133)
	at org.openqa.selenium.remote.codec.w3c.W3CHttpResponseCodec.decode(W3CHttpResponseCodec.java:52)
	at org.openqa.selenium.remote.HttpCommandExecutor.execute(HttpCommandExecutor.java:191)
	at org.openqa.selenium.remote.service.DriverCommandExecutor.invokeExecute(DriverCommandExecutor.java:200)
	at org.openqa.selenium.remote.service.DriverCommandExecutor.execute(DriverCommandExecutor.java:175)
	at org.openqa.selenium.remote.RemoteWebDriver.execute(RemoteWebDriver.java:523)
	at org.openqa.selenium.remote.ElementLocation$ElementFinder$2.findElement(ElementLocation.java:165)
	at org.openqa.selenium.remote.ElementLocation.findElement(ElementLocation.java:59)
	at org.openqa.selenium.remote.RemoteWebDriver.findElement(RemoteWebDriver.java:360)
	at org.openqa.selenium.remote.RemoteWebDriver.findElement(RemoteWebDriver.java:354)
	at org.openqa.selenium.support.pagefactory.DefaultElementLocator.findElement(DefaultElementLocator.java:68)
	at org.openqa.selenium.support.pagefactory.internal.LocatingElementHandler.invoke(LocatingElementHandler.java:38)
	at jdk.proxy2/jdk.proxy2.$Proxy14.click(Unknown Source)
	at PomClass.Login.login(Login.java:77)
	at TestClass.LR_EditProfilePageTest.LR_EditProfile(LR_EditProfilePageTest.java:76)
	at java.base/jdk.internal.reflect.NativeMethodAccessorImpl.invoke0(Native Method)
	at java.base/jdk.internal.reflect.NativeMethodAccessorImpl.invoke(NativeMethodAccessorImpl.java:77)
	at java.base/jdk.internal.reflect.DelegatingMethodAccessorImpl.invoke(DelegatingMethodAccessorImpl.java:43)
	at java.base/java.lang.reflect.Method.invoke(Method.java:568)
	at org.testng.internal.invokers.MethodInvocationHelper.invokeMethod(MethodInvocationHelper.java:139)
	at org.testng.internal.invokers.TestInvoker.invokeMethod(TestInvoker.java:664)
	at org.testng.internal.invokers.TestInvoker.invokeTestMethod(TestInvoker.java:227)
	at org.testng.internal.invokers.MethodRunner.runInSequence(MethodRunner.java:50)
	at org.testng.internal.invokers.TestInvoker$MethodInvocationAgent.invoke(TestInvoker.java:957)
	at org.testng.internal.invokers.TestInvoker.invokeTestMethods(TestInvoker.java:200)
	at org.testng.internal.invokers.TestMethodWorker.invokeTestMethods(TestMethodWorker.java:148)
	at org.testng.internal.invokers.TestMethodWorker.run(TestMethodWorker.java:128)
	at java.base/java.util.ArrayList.forEach(ArrayList.java:1511)
	at org.testng.TestRunner.privateRun(TestRunner.java:848)
	at org.testng.TestRunner.run(TestRunner.java:621)
	at org.testng.SuiteRunner.runTest(SuiteRunner.java:443)
	at org.testng.SuiteRunner.runSequentially(SuiteRunner.java:437)
	at org.testng.SuiteRunner.privateRun(SuiteRunner.java:397)
	at org.testng.SuiteRunner.run(SuiteRunner.java:336)
	at org.testng.SuiteRunnerWorker.runSuite(SuiteRunnerWorker.java:52)
	at org.testng.SuiteRunnerWorker.run(SuiteRunnerWorker.java:95)
	at org.testng.TestNG.runSuitesSequentially(TestNG.java:1280)
	at org.testng.TestNG.runSuitesLocally(TestNG.java:1200)
	at org.testng.TestNG.runSuites(TestNG.java:1114)
	at org.testng.TestNG.run(TestNG.java:1082)
	at org.testng.remote.AbstractRemoteTestNG.run(AbstractRemoteTestNG.java:115)
	at org.testng.remote.RemoteTestNG.initAndRun(RemoteTestNG.java:293)
	at org.testng.remote.RemoteTestNG.main(RemoteTestNG.java:91)
</pre></div></td>
<td>12</td>
<td>TestClass.LR_EditProfilePageTest@77c2494c</td></tr>
<tr>
<td title='TestClass.Lr_ChangePassTest.LR_Changepassword()'><b>LR_Changepassword</b><br>Test class: TestClass.Lr_ChangePassTest<br/>
<a href="#Output-1389624061" onClick='toggleBox("Output-1389624061", this, "Show output", "Hide output");'>Show output</a>

<a href="#Output-1389624061" onClick="toggleAllBoxes();">Show all outputs</a>
<div class='log' id="Output-1389624061">
LR_Changepasswordscript execution startsWed Jan 29 14:09:22 IST 2025<br/>
LR_Changepasswordscript is failed<br/>
screenshot has taken<br/>
</div>
</td>
<td><div><pre>org.openqa.selenium.NoSuchElementException: no such element: Unable to locate element: {&quot;method&quot;:&quot;xpath&quot;,&quot;selector&quot;:&quot;/html/body/div[2]/div/nav/div/a[2]&quot;}
  (Session info: chrome=132.0.6834.112)
For documentation on this error, please visit: https://www.selenium.dev/documentation/webdriver/troubleshooting/errors#no-such-element-exception
Build info: version: &apos;4.16.1&apos;, revision: &apos;9b4c83354e&apos;
System info: os.name: &apos;Windows 10&apos;, os.arch: &apos;amd64&apos;, os.version: &apos;10.0&apos;, java.version: &apos;17.0.12&apos;
Driver info: org.openqa.selenium.chrome.ChromeDriver
Command: [e1f6ed7ad5061659118818292c446d4b, findElement {using=xpath, value=/html/body/div[2]/div/nav/div/a[2]}]
Capabilities {acceptInsecureCerts: false, browserName: chrome, browserVersion: 132.0.6834.112, chrome: {chromedriverVersion: 131.0.6778.85 (3d81e41b6f3a..., userDataDir: C:\Users\Super\AppData\Loca...}, fedcm:accounts: true, goog:chromeOptions: {debuggerAddress: localhost:49676}, networkConnectionEnabled: false, pageLoadStrategy: normal, platformName: windows, proxy: Proxy(), se:cdp: ws://localhost:49676/devtoo..., se:cdpVersion: 132.0.6834.112, setWindowRect: true, strictFileInteractability: false, timeouts: {implicit: 0, pageLoad: 300000, script: 30000}, unhandledPromptBehavior: dismiss and notify, webauthn:extension:credBlob: true, webauthn:extension:largeBlob: true, webauthn:extension:minPinLength: true, webauthn:extension:prf: true, webauthn:virtualAuthenticators: true}
Session ID: e1f6ed7ad5061659118818292c446d4b
	at org.openqa.selenium.remote.codec.w3c.W3CHttpResponseCodec.createException(W3CHttpResponseCodec.java:200)
	at org.openqa.selenium.remote.codec.w3c.W3CHttpResponseCodec.decode(W3CHttpResponseCodec.java:133)
	at org.openqa.selenium.remote.codec.w3c.W3CHttpResponseCodec.decode(W3CHttpResponseCodec.java:52)
	at org.openqa.selenium.remote.HttpCommandExecutor.execute(HttpCommandExecutor.java:191)
	at org.openqa.selenium.remote.service.DriverCommandExecutor.invokeExecute(DriverCommandExecutor.java:200)
	at org.openqa.selenium.remote.service.DriverCommandExecutor.execute(DriverCommandExecutor.java:175)
	at org.openqa.selenium.remote.RemoteWebDriver.execute(RemoteWebDriver.java:523)
	at org.openqa.selenium.remote.ElementLocation$ElementFinder$2.findElement(ElementLocation.java:165)
	at org.openqa.selenium.remote.ElementLocation.findElement(ElementLocation.java:59)
	at org.openqa.selenium.remote.RemoteWebDriver.findElement(RemoteWebDriver.java:360)
	at org.openqa.selenium.remote.RemoteWebDriver.findElement(RemoteWebDriver.java:354)
	at org.openqa.selenium.support.pagefactory.DefaultElementLocator.findElement(DefaultElementLocator.java:68)
	at org.openqa.selenium.support.pagefactory.internal.LocatingElementHandler.invoke(LocatingElementHandler.java:38)
	at jdk.proxy2/jdk.proxy2.$Proxy14.click(Unknown Source)
	at PomClass.Login.login(Login.java:77)
	at TestClass.Lr_ChangePassTest.LR_Changepassword(Lr_ChangePassTest.java:73)
	at java.base/java.util.ArrayList.forEach(ArrayList.java:1511)
... Removed 32 stack frames</pre></div><a href='#' onClick='toggleBox("stack-trace1389624061", this, "Click to show all stack frames", "Click to hide stack frames")'>Click to show all stack frames</a>
<div class='stack-trace' id='stack-trace1389624061'><pre>org.openqa.selenium.NoSuchElementException: no such element: Unable to locate element: {&quot;method&quot;:&quot;xpath&quot;,&quot;selector&quot;:&quot;/html/body/div[2]/div/nav/div/a[2]&quot;}
  (Session info: chrome=132.0.6834.112)
For documentation on this error, please visit: https://www.selenium.dev/documentation/webdriver/troubleshooting/errors#no-such-element-exception
Build info: version: &apos;4.16.1&apos;, revision: &apos;9b4c83354e&apos;
System info: os.name: &apos;Windows 10&apos;, os.arch: &apos;amd64&apos;, os.version: &apos;10.0&apos;, java.version: &apos;17.0.12&apos;
Driver info: org.openqa.selenium.chrome.ChromeDriver
Command: [e1f6ed7ad5061659118818292c446d4b, findElement {using=xpath, value=/html/body/div[2]/div/nav/div/a[2]}]
Capabilities {acceptInsecureCerts: false, browserName: chrome, browserVersion: 132.0.6834.112, chrome: {chromedriverVersion: 131.0.6778.85 (3d81e41b6f3a..., userDataDir: C:\Users\Super\AppData\Loca...}, fedcm:accounts: true, goog:chromeOptions: {debuggerAddress: localhost:49676}, networkConnectionEnabled: false, pageLoadStrategy: normal, platformName: windows, proxy: Proxy(), se:cdp: ws://localhost:49676/devtoo..., se:cdpVersion: 132.0.6834.112, setWindowRect: true, strictFileInteractability: false, timeouts: {implicit: 0, pageLoad: 300000, script: 30000}, unhandledPromptBehavior: dismiss and notify, webauthn:extension:credBlob: true, webauthn:extension:largeBlob: true, webauthn:extension:minPinLength: true, webauthn:extension:prf: true, webauthn:virtualAuthenticators: true}
Session ID: e1f6ed7ad5061659118818292c446d4b
	at java.base/jdk.internal.reflect.NativeConstructorAccessorImpl.newInstance0(Native Method)
	at java.base/jdk.internal.reflect.NativeConstructorAccessorImpl.newInstance(NativeConstructorAccessorImpl.java:77)
	at java.base/jdk.internal.reflect.DelegatingConstructorAccessorImpl.newInstance(DelegatingConstructorAccessorImpl.java:45)
	at java.base/java.lang.reflect.Constructor.newInstanceWithCaller(Constructor.java:499)
	at java.base/java.lang.reflect.Constructor.newInstance(Constructor.java:480)
	at org.openqa.selenium.remote.codec.w3c.W3CHttpResponseCodec.createException(W3CHttpResponseCodec.java:200)
	at org.openqa.selenium.remote.codec.w3c.W3CHttpResponseCodec.decode(W3CHttpResponseCodec.java:133)
	at org.openqa.selenium.remote.codec.w3c.W3CHttpResponseCodec.decode(W3CHttpResponseCodec.java:52)
	at org.openqa.selenium.remote.HttpCommandExecutor.execute(HttpCommandExecutor.java:191)
	at org.openqa.selenium.remote.service.DriverCommandExecutor.invokeExecute(DriverCommandExecutor.java:200)
	at org.openqa.selenium.remote.service.DriverCommandExecutor.execute(DriverCommandExecutor.java:175)
	at org.openqa.selenium.remote.RemoteWebDriver.execute(RemoteWebDriver.java:523)
	at org.openqa.selenium.remote.ElementLocation$ElementFinder$2.findElement(ElementLocation.java:165)
	at org.openqa.selenium.remote.ElementLocation.findElement(ElementLocation.java:59)
	at org.openqa.selenium.remote.RemoteWebDriver.findElement(RemoteWebDriver.java:360)
	at org.openqa.selenium.remote.RemoteWebDriver.findElement(RemoteWebDriver.java:354)
	at org.openqa.selenium.support.pagefactory.DefaultElementLocator.findElement(DefaultElementLocator.java:68)
	at org.openqa.selenium.support.pagefactory.internal.LocatingElementHandler.invoke(LocatingElementHandler.java:38)
	at jdk.proxy2/jdk.proxy2.$Proxy14.click(Unknown Source)
	at PomClass.Login.login(Login.java:77)
	at TestClass.Lr_ChangePassTest.LR_Changepassword(Lr_ChangePassTest.java:73)
	at java.base/jdk.internal.reflect.NativeMethodAccessorImpl.invoke0(Native Method)
	at java.base/jdk.internal.reflect.NativeMethodAccessorImpl.invoke(NativeMethodAccessorImpl.java:77)
	at java.base/jdk.internal.reflect.DelegatingMethodAccessorImpl.invoke(DelegatingMethodAccessorImpl.java:43)
	at java.base/java.lang.reflect.Method.invoke(Method.java:568)
	at org.testng.internal.invokers.MethodInvocationHelper.invokeMethod(MethodInvocationHelper.java:139)
	at org.testng.internal.invokers.TestInvoker.invokeMethod(TestInvoker.java:664)
	at org.testng.internal.invokers.TestInvoker.invokeTestMethod(TestInvoker.java:227)
	at org.testng.internal.invokers.MethodRunner.runInSequence(MethodRunner.java:50)
	at org.testng.internal.invokers.TestInvoker$MethodInvocationAgent.invoke(TestInvoker.java:957)
	at org.testng.internal.invokers.TestInvoker.invokeTestMethods(TestInvoker.java:200)
	at org.testng.internal.invokers.TestMethodWorker.invokeTestMethods(TestMethodWorker.java:148)
	at org.testng.internal.invokers.TestMethodWorker.run(TestMethodWorker.java:128)
	at java.base/java.util.ArrayList.forEach(ArrayList.java:1511)
	at org.testng.TestRunner.privateRun(TestRunner.java:848)
	at org.testng.TestRunner.run(TestRunner.java:621)
	at org.testng.SuiteRunner.runTest(SuiteRunner.java:443)
	at org.testng.SuiteRunner.runSequentially(SuiteRunner.java:437)
	at org.testng.SuiteRunner.privateRun(SuiteRunner.java:397)
	at org.testng.SuiteRunner.run(SuiteRunner.java:336)
	at org.testng.SuiteRunnerWorker.runSuite(SuiteRunnerWorker.java:52)
	at org.testng.SuiteRunnerWorker.run(SuiteRunnerWorker.java:95)
	at org.testng.TestNG.runSuitesSequentially(TestNG.java:1280)
	at org.testng.TestNG.runSuitesLocally(TestNG.java:1200)
	at org.testng.TestNG.runSuites(TestNG.java:1114)
	at org.testng.TestNG.run(TestNG.java:1082)
	at org.testng.remote.AbstractRemoteTestNG.run(AbstractRemoteTestNG.java:115)
	at org.testng.remote.RemoteTestNG.initAndRun(RemoteTestNG.java:293)
	at org.testng.remote.RemoteTestNG.main(RemoteTestNG.java:91)
</pre></div></td>
<td>13</td>
<td>TestClass.Lr_ChangePassTest@f5958c9</td></tr>
</table><p>
<table width='100%' border='1' class='invocation-passed'>
<tr><td colspan='4' align='center'><b>PASSED TESTS</b></td></tr>
<tr><td><b>Test method</b></td>
<td><b>Attribute(s)</b></td>
<td width="30%"><b>Exception</b></td>
<td width="10%"><b>Time (seconds)</b></td>
<td><b>Instance</b></td>
</tr>
<tr>
<td title='TestClass.LIBIL_LoginTest.VerifyLoginPageOFLibil()'><b>VerifyLoginPageOFLibil</b><br>Test class: TestClass.LIBIL_LoginTest<br/>
<a href="#Output-1933799970" onClick='toggleBox("Output-1933799970", this, "Show output", "Hide output");'>Show output</a>

<a href="#Output-1933799970" onClick="toggleAllBoxes();">Show all outputs</a>
<div class='log' id="Output-1933799970">
VerifyLoginPageOFLibilscript execution startsWed Jan 29 14:06:36 IST 2025<br/>
VerifyLoginPageOFLibilscript is passsed<br/>
</div>
</td>
<td></td>
<td>18</td>
<td>TestClass.LIBIL_LoginTest@662ac478</td></tr>
<tr>
<td title='TestClass.LR_HomePage.verifyHomePageofLR()'><b>verifyHomePageofLR</b><br>Test class: TestClass.LR_HomePage<br/>
<a href="#Output-967531000" onClick='toggleBox("Output-967531000", this, "Show output", "Hide output");'>Show output</a>

<a href="#Output-967531000" onClick="toggleAllBoxes();">Show all outputs</a>
<div class='log' id="Output-967531000">
verifyHomePageofLRscript execution startsWed Jan 29 14:06:28 IST 2025<br/>
verifyHomePageofLRscript is passsed<br/>
</div>
</td>
<td></td>
<td>6</td>
<td>TestClass.LR_HomePage@5aa9e4eb</td></tr>
<tr>
<td title='TestClass.NewActListTest.NewActList()'><b>NewActList</b><br>Test class: TestClass.NewActListTest<br/>
<a href="#Output-1476116591" onClick='toggleBox("Output-1476116591", this, "Show output", "Hide output");'>Show output</a>

<a href="#Output-1476116591" onClick="toggleAllBoxes();">Show all outputs</a>
<div class='log' id="Output-1476116591">
NewActListscript execution startsWed Jan 29 14:08:08 IST 2025<br/>
NewActListscript is passsed<br/>
</div>
</td>
<td></td>
<td>48</td>
<td>TestClass.NewActListTest@477b4cdf</td></tr>
<tr>
<td title='TestClass.VerifyLegiteyeWebsiteDown.verifyLegiteyeWebsite()'><b>verifyLegiteyeWebsite</b><br>Test class: TestClass.VerifyLegiteyeWebsiteDown<br/>
<a href="#Output-682025329" onClick='toggleBox("Output-682025329", this, "Show output", "Hide output");'>Show output</a>

<a href="#Output-682025329" onClick="toggleAllBoxes();">Show all outputs</a>
<div class='log' id="Output-682025329">
verifyLegiteyeWebsitescript execution startsWed Jan 29 14:10:18 IST 2025<br/>
verifyLegiteyeWebsitescript is passsed<br/>
</div>
</td>
<td></td>
<td>2</td>
<td>TestClass.VerifyLegiteyeWebsiteDown@3eb738bb</td></tr>
<tr>
<td title='TestClass.VerifyLibilWebsiteDown.verifyLibilWeb()'><b>verifyLibilWeb</b><br>Test class: TestClass.VerifyLibilWebsiteDown<br/>
<a href="#Output-5998675" onClick='toggleBox("Output-5998675", this, "Show output", "Hide output");'>Show output</a>

<a href="#Output-5998675" onClick="toggleAllBoxes();">Show all outputs</a>
<div class='log' id="Output-5998675">
verifyLibilWebscript execution startsWed Jan 29 14:10:30 IST 2025<br/>
verifyLibilWebscript is passsed<br/>
</div>
</td>
<td></td>
<td>3</td>
<td>TestClass.VerifyLibilWebsiteDown@1e800aaa</td></tr>
<tr>
<td title='TestClass.VerifyManagementToolWebsite.verifyPatrolWebsite()'><b>verifyPatrolWebsite</b><br>Test class: TestClass.VerifyManagementToolWebsite<br/>
<a href="#Output-894844492" onClick='toggleBox("Output-894844492", this, "Show output", "Hide output");'>Show output</a>

<a href="#Output-894844492" onClick="toggleAllBoxes();">Show all outputs</a>
<div class='log' id="Output-894844492">
verifyPatrolWebsitescript execution startsWed Jan 29 14:10:36 IST 2025<br/>
verifyPatrolWebsitescript is passsed<br/>
</div>
</td>
<td></td>
<td>4</td>
<td>TestClass.VerifyManagementToolWebsite@185a6e9</td></tr>
<tr>
<td title='TestClass.Patrol_LoginTest.VerifyLoginPageOF_Patrol()'><b>VerifyLoginPageOF_Patrol</b><br>Test class: TestClass.Patrol_LoginTest<br/>
<a href="#Output-159860059" onClick='toggleBox("Output-159860059", this, "Show output", "Hide output");'>Show output</a>

<a href="#Output-159860059" onClick="toggleAllBoxes();">Show all outputs</a>
<div class='log' id="Output-159860059">
VerifyLoginPageOF_Patrolscript execution startsWed Jan 29 14:06:56 IST 2025<br/>
VerifyLoginPageOF_Patrolscript is passsed<br/>
</div>
</td>
<td></td>
<td>12</td>
<td>TestClass.Patrol_LoginTest@6743e411</td></tr>
<tr>
<td title='TestClass.Patrol_HomepageLoginTest.LoginHomePageOfPatrol()'><b>LoginHomePageOfPatrol</b><br>Test class: TestClass.Patrol_HomepageLoginTest<br/>
<a href="#Output-1662807313" onClick='toggleBox("Output-1662807313", this, "Show output", "Hide output");'>Show output</a>

<a href="#Output-1662807313" onClick="toggleAllBoxes();">Show all outputs</a>
<div class='log' id="Output-1662807313">
LoginHomePageOfPatrolscript execution startsWed Jan 29 14:09:48 IST 2025<br/>
LoginHomePageOfPatrolscript is passsed<br/>
</div>
</td>
<td></td>
<td>28</td>
<td>TestClass.Patrol_HomepageLoginTest@233795b6</td></tr>
<tr>
<td title='TestClass.searchresultsofLR.LRsearchResult()'><b>LRsearchResult</b><br>Test class: TestClass.searchresultsofLR<br/>
<a href="#Output-91831175" onClick='toggleBox("Output-91831175", this, "Show output", "Hide output");'>Show output</a>

<a href="#Output-91831175" onClick="toggleAllBoxes();">Show all outputs</a>
<div class='log' id="Output-91831175">
LRsearchResultscript execution startsWed Jan 29 14:07:10 IST 2025<br/>
LRsearchResultscript is passsed<br/>
</div>
</td>
<td></td>
<td>55</td>
<td>TestClass.searchresultsofLR@3eb25e1a</td></tr>
<tr>
<td title='TestClass.VerifyLegitquestWebsiteDown.verifyLRwebsite()'><b>verifyLRwebsite</b><br>Test class: TestClass.VerifyLegitquestWebsiteDown<br/>
<a href="#Output-2090142523" onClick='toggleBox("Output-2090142523", this, "Show output", "Hide output");'>Show output</a>

<a href="#Output-2090142523" onClick="toggleAllBoxes();">Show all outputs</a>
<div class='log' id="Output-2090142523">
verifyLRwebsitescript execution startsWed Jan 29 14:10:22 IST 2025<br/>
verifyLRwebsitescript is passsed<br/>
</div>
</td>
<td></td>
<td>6</td>
<td>TestClass.VerifyLegitquestWebsiteDown@5bda8e08</td></tr>
</table><p>
</body>
</html>