<?xml version="1.0" encoding="UTF-8"?>
<!-- Generated by org.testng.reporters.JUnitReportReporter -->
<testsuite hostname="LAPTOP-O6ECEAOP" failures="1" tests="1" name="TestClass.Lr_ChangePassTest" time="52.437" errors="0" timestamp="2025-07-10T13:26:07 IST" skipped="0">
  <testcase classname="TestClass.Lr_ChangePassTest" name="LR_Changepassword" time="52.437">
    <failure message="Test Failed: Server error on LR changepassword profile page." type="java.lang.AssertionError">
      <![CDATA[java.lang.AssertionError: Test Failed: Server error on LR changepassword profile page.
at org.testng.Assert.fail(Assert.java:111)
at TestClass.Lr_ChangePassTest.LR_Changepassword(Lr_ChangePassTest.java:63)
at java.base/jdk.internal.reflect.NativeMethodAccessorImpl.invoke0(Native Method)
at java.base/jdk.internal.reflect.NativeMethodAccessorImpl.invoke(NativeMethodAccessorImpl.java:77)
at java.base/jdk.internal.reflect.DelegatingMethodAccessorImpl.invoke(DelegatingMethodAccessorImpl.java:43)
at java.base/java.lang.reflect.Method.invoke(Method.java:569)
at org.testng.internal.invokers.MethodInvocationHelper.invokeMethod(MethodInvocationHelper.java:139)
at org.testng.internal.invokers.TestInvoker.invokeMethod(TestInvoker.java:664)
at org.testng.internal.invokers.TestInvoker.invokeTestMethod(TestInvoker.java:227)
at org.testng.internal.invokers.MethodRunner.runInSequence(MethodRunner.java:50)
at org.testng.internal.invokers.TestInvoker$MethodInvocationAgent.invoke(TestInvoker.java:957)
at org.testng.internal.invokers.TestInvoker.invokeTestMethods(TestInvoker.java:200)
at org.testng.internal.invokers.TestMethodWorker.invokeTestMethods(TestMethodWorker.java:148)
at org.testng.internal.invokers.TestMethodWorker.run(TestMethodWorker.java:128)
at java.base/java.util.ArrayList.forEach(ArrayList.java:1511)
at org.testng.TestRunner.privateRun(TestRunner.java:848)
at org.testng.TestRunner.run(TestRunner.java:621)
at org.testng.SuiteRunner.runTest(SuiteRunner.java:443)
at org.testng.SuiteRunner.runSequentially(SuiteRunner.java:437)
at org.testng.SuiteRunner.privateRun(SuiteRunner.java:397)
at org.testng.SuiteRunner.run(SuiteRunner.java:336)
at org.testng.SuiteRunnerWorker.runSuite(SuiteRunnerWorker.java:52)
at org.testng.SuiteRunnerWorker.run(SuiteRunnerWorker.java:95)
at org.testng.TestNG.runSuitesSequentially(TestNG.java:1280)
at org.testng.TestNG.runSuitesLocally(TestNG.java:1200)
at org.testng.TestNG.runSuites(TestNG.java:1114)
at org.testng.TestNG.run(TestNG.java:1082)
at org.testng.remote.AbstractRemoteTestNG.run(AbstractRemoteTestNG.java:115)
at org.testng.remote.RemoteTestNG.initAndRun(RemoteTestNG.java:293)
at org.testng.remote.RemoteTestNG.main(RemoteTestNG.java:91)
]]>
    </failure>
    <system-out>
      <![CDATA[LR_Changepasswordscript execution startsThu Jul 10 13:15:59 IST 2025
LR_Changepasswordscript is failed
screenshot has taken]]>
    </system-out>
  </testcase> <!-- LR_Changepassword -->
  <system-out>
    <![CDATA[suite execution starts:Thu Jul 10 13:14:20 IST 2025
verifyActlistpagescript execution startsThu Jul 10 13:14:22 IST 2025
verifyActlistpagescript is passsed
VerifyLoginPageOFLRscript execution startsThu Jul 10 13:14:24 IST 2025
VerifyLoginPageOFLRscript is passsed
verifyHomePageofLRscript execution startsThu Jul 10 13:14:54 IST 2025
verifyHomePageofLRscript is passsed
VerifyLoginPageOFLRscript execution startsThu Jul 10 13:15:08 IST 2025
VerifyLoginPageOFLRscript is passsed
VerifyLoginPageOFLibilscript execution startsThu Jul 10 13:15:28 IST 2025
VerifyLoginPageOFLibilscript is passsed
VerifyLoginPageOFLibilscript execution startsThu Jul 10 13:15:43 IST 2025
VerifyLoginPageOFLibilscript is passsed
LR_Changepasswordscript execution startsThu Jul 10 13:15:59 IST 2025
LR_Changepasswordscript is failed
screenshot has taken
verifyLrEditprofilescript execution startsThu Jul 10 13:16:52 IST 2025
verifyLrEditprofilescript is passsed
LRsearchResultscript execution startsThu Jul 10 13:17:40 IST 2025
LRsearchResultscript is passsed
verifyActlistpagescript execution startsThu Jul 10 13:18:21 IST 2025
verifyActlistpagescript is passsed
VerifyLoginPageOF_Patrolscript execution startsThu Jul 10 13:19:02 IST 2025
VerifyLoginPageOF_Patrolscript is passsed
VerifysmokeTestscript execution startsThu Jul 10 13:19:23 IST 2025
VerifysmokeTestscript is passsed
VerifysmokeTestscript execution startsThu Jul 10 13:21:37 IST 2025
VerifysmokeTestscript is passsed
verifyLegiteyeWebsitescript execution startsThu Jul 10 13:25:06 IST 2025
verifyLegiteyeWebsitescript is passsed
checkLRLoginPageForErrorsscript execution startsThu Jul 10 13:25:08 IST 2025
checkLRLoginPageForErrorsscript is passsed
verifyLibilWebscript execution startsThu Jul 10 13:25:17 IST 2025
verifyLibilWebscript is passsed
verifyPatrolWebsitescript execution startsThu Jul 10 13:25:20 IST 2025
verifyPatrolWebsitescript is passsed
verifyprofilescript execution startsThu Jul 10 13:25:22 IST 2025
verifyprofilescript is failed
screenshot has taken]]>
  </system-out>
</testsuite> <!-- TestClass.Lr_ChangePassTest -->
